<?xml version="1.0" encoding="UTF-8"?>
<testng-results ignored="0" total="2" passed="2" failed="0" skipped="0">
  <reporter-output>
  </reporter-output>
  <suite started-at="2023-02-05T20:36:13 CET" name="All Test Suite" finished-at="2023-02-05T20:36:23 CET" duration-ms="10481">
    <groups>
    </groups>
    <test started-at="2023-02-05T20:36:13 CET" name="C:/Users/ASUS/IdeaProjects/B103TestNGProject/src/test/java/techproed/tests/smoketests" finished-at="2023-02-05T20:36:23 CET" duration-ms="10481">
      <class name="techproed.tests.smoketests.Day22_PositiveLoginTest">
        <test-method signature="US100201_Admin_Login()[pri:0, instance:techproed.tests.smoketests.Day22_PositiveLoginTest@1b6e1eff]" started-at="2023-02-05T20:36:21 CET" name="US100201_Admin_Login" finished-at="2023-02-05T20:36:23 CET" duration-ms="2560" status="PASS">
          <reporter-output>
          </reporter-output>
        </test-method> <!-- US100201_Admin_Login -->
      </class> <!-- techproed.tests.smoketests.Day22_PositiveLoginTest -->
      <class name="techproed.tests.smoketests.Day22_NegativeLoginTest">
        <test-method signature="US100208_Negative_Login()[pri:0, instance:techproed.tests.smoketests.Day22_NegativeLoginTest@1ba9117e]" started-at="2023-02-05T20:36:13 CET" name="US100208_Negative_Login" finished-at="2023-02-05T20:36:21 CET" duration-ms="7840" status="PASS">
          <reporter-output>
          </reporter-output>
        </test-method> <!-- US100208_Negative_Login -->
      </class> <!-- techproed.tests.smoketests.Day22_NegativeLoginTest -->
    </test> <!-- C:/Users/ASUS/IdeaProjects/B103TestNGProject/src/test/java/techproed/tests/smoketests -->
  </suite> <!-- All Test Suite -->
</testng-results>
