<?xml version="1.0" encoding="UTF-8"?>
<testng-results ignored="0" total="2" passed="2" failed="0" skipped="0">
  <reporter-output>
    <line>
      <![CDATA[SAYFAYA GIT ]]>
    </line>
    <line>
      <![CDATA[LOGIN TIKLA]]>
    </line>
    <line>
      <![CDATA[GIRIS BILGILERI GIR]]>
    </line>
    <line>
      <![CDATA[GIRIS YAPIDIGINI DOGRULA]]>
    </line>
    <line>
      <![CDATA[DRIVERI KAPAT]]>
    </line>
  </reporter-output>
  <suite started-at="2023-02-05T20:57:33 CET" name="All Test Suite" finished-at="2023-02-05T20:57:45 CET" duration-ms="12401">
    <groups>
    </groups>
    <test started-at="2023-02-05T20:57:33 CET" name="C:/Users/ASUS/IdeaProjects/B103TestNGProject/src/test/java/techproed/tests/smoketests" finished-at="2023-02-05T20:57:45 CET" duration-ms="12401">
      <class name="techproed.tests.smoketests.Day22_PositiveLoginTest">
        <test-method signature="US100201_Admin_Login()[pri:0, instance:techproed.tests.smoketests.Day22_PositiveLoginTest@6631f5ca]" started-at="2023-02-05T20:57:43 CET" name="US100201_Admin_Login" finished-at="2023-02-05T20:57:45 CET" duration-ms="2659" status="PASS">
          <reporter-output>
            <line>
              <![CDATA[SAYFAYA GIT ]]>
            </line>
            <line>
              <![CDATA[LOGIN TIKLA]]>
            </line>
            <line>
              <![CDATA[GIRIS BILGILERI GIR]]>
            </line>
            <line>
              <![CDATA[GIRIS YAPIDIGINI DOGRULA]]>
            </line>
            <line>
              <![CDATA[DRIVERI KAPAT]]>
            </line>
          </reporter-output>
        </test-method> <!-- US100201_Admin_Login -->
      </class> <!-- techproed.tests.smoketests.Day22_PositiveLoginTest -->
      <class name="techproed.tests.smoketests.Day22_NegativeLoginTest">
        <test-method signature="US100208_Negative_Login()[pri:0, instance:techproed.tests.smoketests.Day22_NegativeLoginTest@5fd4f8f5]" started-at="2023-02-05T20:57:33 CET" name="US100208_Negative_Login" finished-at="2023-02-05T20:57:43 CET" duration-ms="9666" status="PASS">
          <reporter-output>
          </reporter-output>
        </test-method> <!-- US100208_Negative_Login -->
      </class> <!-- techproed.tests.smoketests.Day22_NegativeLoginTest -->
    </test> <!-- C:/Users/ASUS/IdeaProjects/B103TestNGProject/src/test/java/techproed/tests/smoketests -->
  </suite> <!-- All Test Suite -->
</testng-results>
